# List of loaded electron processes to BOLSIG+ solver.
# Can be used as references for reaction rates in input kinetics.
C1_N2_Effective_(momentum)
N2->N2(ROT)
N2->N2(V1)
N2->N2(V1RES)
N2->N2(V2)
N2->N2(V3)
N2->N2(V4)
N2->N2(V5)
N2->N2(V6)
N2->N2(C3)
N2->N2(E3)
N2->N2(A''1)
N2->N2(SUM)
N2->N2(V7)
N2->N2(V8)
N2->N2(A3,V0-4)
N2->N2(A3,V5-9)
N2->N2(B3)
N2->N2(W3)
N2->N2(A3,V10-)
N2->N2(B'3)
N2->N2(A'1)
N2->N2(A1)
N2->N2(W1)
N2->N2(A)^+
N2->N2(B)^+
O2->O2^-
O2->O^-
C29_O2_Effective_(momentum)
O2->O2(ROT)
O2->O2(V1)
O2->O2(V1RES)
O2->O2(V2)
O2->O2(V2RES)
O2->O2(V3)
O2->O2(V4)
O2->O2(A1)
O2->O2(B1)
O2->O2(4.5EV)
O2->O2(6.0EV)
O2->O2(8.4EV)
O2->O2(9.97EV)
O2->O2^+
